0 info it worked if it ends with ok
1 verbose cli [
1 verbose cli   'C:\\Program Files\\nodejs\\node.exe',
1 verbose cli   'D:\\Projects\\Created_Lib\\CordovaProject\\node_modules\\npm\\bin\\npm-cli.js',
1 verbose cli   'publish'
1 verbose cli ]
2 info using npm@2.15.12
3 info using node@v20.10.0
4 verbose publish [ '.' ]
5 silly cache add args [ '.', null ]
6 verbose cache add spec .
7 silly cache add parsed spec Result {
7 silly cache add   raw: '.',
7 silly cache add   scope: null,
7 silly cache add   name: null,
7 silly cache add   rawSpec: '.',
7 silly cache add   spec: 'D:\\Projects\\Created_Lib\\CordovaProject\\AndroidBars',
7 silly cache add   type: 'directory'
7 silly cache add }
8 verbose addLocalDirectory C:\Users\grigoriy.shlyakhtich\AppData\Local\npm-cache\cordova-plugin-android-bars\1.0.59\package.tgz not in flight; packing
9 verbose correctMkdir C:\Users\grigoriy.shlyakhtich\AppData\Local\npm-cache correctMkdir not in flight; initializing
10 verbose tar pack [
10 verbose tar pack   'C:\\Users\\grigoriy.shlyakhtich\\AppData\\Local\\npm-cache\\cordova-plugin-android-bars\\1.0.59\\package.tgz',
10 verbose tar pack   'D:\\Projects\\Created_Lib\\CordovaProject\\AndroidBars'
10 verbose tar pack ]
11 verbose tarball C:\Users\grigoriy.shlyakhtich\AppData\Local\npm-cache\cordova-plugin-android-bars\1.0.59\package.tgz
12 verbose folder D:\Projects\Created_Lib\CordovaProject\AndroidBars
13 info prepublish cordova-plugin-android-bars@1.0.59
14 verbose addLocalTarball adding from inside cache C:\Users\grigoriy.shlyakhtich\AppData\Local\npm-cache\cordova-plugin-android-bars\1.0.59\package.tgz
15 verbose correctMkdir C:\Users\grigoriy.shlyakhtich\AppData\Local\npm-cache correctMkdir not in flight; initializing
16 silly cache afterAdd cordova-plugin-android-bars@1.0.59
17 verbose afterAdd C:\Users\grigoriy.shlyakhtich\AppData\Local\npm-cache\cordova-plugin-android-bars\1.0.59\package\package.json not in flight; writing
18 verbose correctMkdir C:\Users\grigoriy.shlyakhtich\AppData\Local\npm-cache correctMkdir not in flight; initializing
19 verbose afterAdd C:\Users\grigoriy.shlyakhtich\AppData\Local\npm-cache\cordova-plugin-android-bars\1.0.59\package\package.json written
20 silly publish {
20 silly publish   name: 'cordova-plugin-android-bars',
20 silly publish   version: '1.0.59',
20 silly publish   description: '---\r title: AndroidBars\r description: Control the device systemBars.\r ---',
20 silly publish   repository: {
20 silly publish     url: 'git+https://github.com/SinGlEBW/cordova-plugin-android-bars.git',
20 silly publish     type: 'git'
20 silly publish   },
20 silly publish   scripts: { publish: 'git push && npm publish' },
20 silly publish   types: './types/index.d.ts',
20 silly publish   cordova: { id: 'cordova-plugin-android-bars', platforms: [ 'android' ] },
20 silly publish   keywords: [ 'ecosystem:cordova', 'cordova-android' ],
20 silly publish   author: { name: 'SinGlEBW' },
20 silly publish   license: 'ISC',
20 silly publish   readme: '---\r\n' +
20 silly publish     'title: AndroidBars\r\n' +
20 silly publish     'description: Control the device systemBars.\r\n' +
20 silly publish     '---\r\n' +
20 silly publish     '\r\n' +
20 silly publish     '\r\n' +
20 silly publish     '# cordova-plugin-android-bars\r\n' +
20 silly publish     '\r\n' +
20 silly publish     '\r\n' +
20 silly publish     '\r\n' +
20 silly publish     '### Installation\r\n' +
20 silly publish     '\r\n' +
20 silly publish     '\r\n' +
20 silly publish     '    npm i cordova-plugin-android-bars\r\n' +
20 silly publish     '\r\n' +
20 silly publish     'It is also possible to install via repo url directly\r\n' +
20 silly publish     '\r\n' +
20 silly publish     '    cordova plugin add https://github.com/SinGlEBW/cordova-plugin-android-bars.git\r\n' +
20 silly publish     '\r\n' +
20 silly publish     '\r\n' +
20 silly publish     '\r\n' +
20 silly publish     '```html\r\n' +
20 silly publish     '<meta name="viewport" content="initial-scale=1, width=device-width, viewport-fit=cover">\r\n' +
20 silly publish     '```\r\n' +
20 silly publish     '\r\n' +
20 silly publish     '#### config.xml\r\n' +
20 silly publish     '\r\n' +
20 silly publish     '   If desired, set the default settings. Usually, the plugin is loaded to manage the dynamic settings of the theme, so there is not much point in static parameters. But if you want, you are provided   with many parameters in the amount of ONE :)  Its default value is true\r\n' +
20 silly publish     '\r\n' +
20 silly publish     '        <preference name="AndroidBarsFullScreen" value="true" />\r\n' +
20 silly publish     '      \r\n' +
20 silly publish     '\r\n' +
20 silly publish     '### Android Quirks\r\n' +
20 silly publish     'List methods\r\n' +
20 silly publish     '```js\r\n' +
20 silly publish     '  const { AndroidBars } = window?.cordova?.plugins;\r\n' +
20 silly publish     '    //The color is transmitted in hex format.\r\n' +
20 silly publish     '    //(#RGB) | (#RRGGBB) | (#RRGGBBAA)//In secret, you can # omit\r\n' +
20 silly publish     '    AndroidBars.bgColorStatusBar(hex)\r\n' +
20 silly publish     '    AndroidBars.bgColorNavBar(hex)\r\n' +
20 silly publish     '    AndroidBars.bgColorAll(hex)\r\n' +
20 silly publish     '\r\n' +
20 silly publish     '    AndroidBars.setDarkIcon(is) // sets dark or light tones on icons in bars\r\n' +
20 silly publish     '    AndroidBars.setFullScreen(is) //controls the size of the background. by default, it is not fullScreen (ps. if other plugins do not disrupt the operation)\r\n' +
20 silly publish     '    AndroidBars.setActiveImmersiveMode(is)//enables or disables the status and navigation panels. When enabled, the default state will be returned, which can be initially set via setFullScreen.\r\n' +
20 silly publish     '    AndroidBars.getHeightSystemBats(({heightStatus, heightNav}) => {\r\n' +
20 silly publish     '\r\n' +
20 silly publish     '    })\r\n' +
20 silly publish     "    AndroidBars.on('watchKeyboard', ({action, height}) => {\r\n" +
20 silly publish     '\r\n' +
20 silly publish     '    })\r\n' +
20 silly publish     '\r\n' +
20 silly publish     "    AndroidBars.off('watchKeyboard')\r\n" +
20 silly publish     '   \r\n' +
20 silly publish     '\r\n' +
20 silly publish     '```\r\n' +
20 silly publish     '\r\n',
20 silly publish   readmeFilename: 'README.md',
20 silly publish   gitHead: '3836ac9ac0162b85039ff918304312a161fa98d9',
20 silly publish   bugs: {
20 silly publish     url: 'https://github.com/SinGlEBW/cordova-plugin-android-bars/issues'
20 silly publish   },
20 silly publish   homepage: 'https://github.com/SinGlEBW/cordova-plugin-android-bars#readme',
20 silly publish   _id: 'cordova-plugin-android-bars@1.0.59',
20 silly publish   _shasum: '90a9a059080075a10bafbda369501f122835f005',
20 silly publish   _from: '.'
20 silly publish }
21 verbose getPublishConfig undefined
22 silly mapToRegistry name cordova-plugin-android-bars
23 silly mapToRegistry using default registry
24 silly mapToRegistry registry https://registry.npmjs.org/
25 silly mapToRegistry data Result {
25 silly mapToRegistry   raw: 'cordova-plugin-android-bars',
25 silly mapToRegistry   scope: null,
25 silly mapToRegistry   name: 'cordova-plugin-android-bars',
25 silly mapToRegistry   rawSpec: '',
25 silly mapToRegistry   spec: 'latest',
25 silly mapToRegistry   type: 'tag'
25 silly mapToRegistry }
26 silly mapToRegistry uri https://registry.npmjs.org/cordova-plugin-android-bars
27 verbose publish registryBase https://registry.npmjs.org/
28 silly publish uploading C:\Users\grigoriy.shlyakhtich\AppData\Local\npm-cache\cordova-plugin-android-bars\1.0.59\package.tgz
29 verbose request uri https://registry.npmjs.org/cordova-plugin-android-bars
30 verbose request sending authorization for write operation
31 info attempt registry request try #1 at 18:33:59
32 verbose request using bearer token for auth
33 verbose request id 7e5ff66420bc5946
34 http request PUT https://registry.npmjs.org/cordova-plugin-android-bars
35 http 403 https://registry.npmjs.org/cordova-plugin-android-bars
36 verbose headers {
36 verbose headers   date: 'Fri, 23 Aug 2024 15:34:00 GMT',
36 verbose headers   'content-type': 'application/json',
36 verbose headers   'transfer-encoding': 'chunked',
36 verbose headers   connection: 'keep-alive',
36 verbose headers   'cf-ray': '8b7c2a0c5aafb93f-AMS',
36 verbose headers   'cf-cache-status': 'DYNAMIC',
36 verbose headers   vary: 'Accept-Encoding',
36 verbose headers   server: 'cloudflare',
36 verbose headers   'content-encoding': 'gzip'
36 verbose headers }
37 verbose request invalidating C:\Users\grigoriy.shlyakhtich\AppData\Local\npm-cache\registry.npmjs.org\cordova-plugin-android-bars on PUT
38 error publish Failed PUT 403
39 verbose stack Error: You cannot publish over the previously published versions: 1.0.59. : cordova-plugin-android-bars
39 verbose stack     at makeError (D:\Projects\Created_Lib\CordovaProject\node_modules\npm\node_modules\npm-registry-client\lib\request.js:302:12)
39 verbose stack     at CachingRegistryClient.<anonymous> (D:\Projects\Created_Lib\CordovaProject\node_modules\npm\node_modules\npm-registry-client\lib\request.js:290:14)
39 verbose stack     at Gunzip.cb (D:\Projects\Created_Lib\CordovaProject\node_modules\npm\node_modules\npm-registry-client\lib\request.js:216:7)
39 verbose stack     at Gunzip.zlibBufferOnEnd (node:zlib:161:10)
39 verbose stack     at Gunzip.emit (node:events:514:28)
39 verbose stack     at endReadableNT (node:internal/streams/readable:1589:12)
39 verbose stack     at process.processTicksAndRejections (node:internal/process/task_queues:82:21)
40 verbose statusCode 403
41 verbose pkgid cordova-plugin-android-bars
42 verbose cwd D:\Projects\Created_Lib\CordovaProject\AndroidBars
43 error Windows_NT 10.0.19045
44 error argv "C:\\Program Files\\nodejs\\node.exe" "D:\\Projects\\Created_Lib\\CordovaProject\\node_modules\\npm\\bin\\npm-cli.js" "publish"
45 error node v20.10.0
46 error npm  v2.15.12
47 error code E403
48 error You cannot publish over the previously published versions: 1.0.59. : cordova-plugin-android-bars
49 error If you need help, you may report this error at:
49 error     <https://github.com/npm/npm/issues>
50 verbose exit [ 1, true ]
